f:\documentos\visual studio 2017\projects\pruebabiblioteca\pruebabiblioteca\debug\vc141.pdb
f:\documentos\visual studio 2017\projects\pruebabiblioteca\pruebabiblioteca\debug\vc141.idb
f:\documentos\visual studio 2017\projects\pruebabiblioteca\pruebabiblioteca\debug\biblioteca.obj
f:\documentos\visual studio 2017\projects\pruebabiblioteca\pruebabiblioteca\debug\control.obj
f:\documentos\visual studio 2017\projects\pruebabiblioteca\pruebabiblioteca\debug\interfaz.obj
f:\documentos\visual studio 2017\projects\pruebabiblioteca\pruebabiblioteca\debug\libro.obj
f:\documentos\visual studio 2017\projects\pruebabiblioteca\pruebabiblioteca\debug\listam.obj
f:\documentos\visual studio 2017\projects\pruebabiblioteca\pruebabiblioteca\debug\molde.obj
f:\documentos\visual studio 2017\projects\pruebabiblioteca\pruebabiblioteca\debug\nodom.obj
f:\documentos\visual studio 2017\projects\pruebabiblioteca\pruebabiblioteca\debug\persona.obj
f:\documentos\visual studio 2017\projects\pruebabiblioteca\pruebabiblioteca\debug\main.obj
f:\documentos\visual studio 2017\projects\pruebabiblioteca\pruebabiblioteca\debug\nodoacpp.obj
f:\documentos\visual studio 2017\projects\pruebabiblioteca\pruebabiblioteca\debug\alquilado.obj
f:\documentos\visual studio 2017\projects\pruebabiblioteca\debug\pruebabiblioteca.ilk
f:\documentos\visual studio 2017\projects\pruebabiblioteca\debug\pruebabiblioteca.exe
f:\documentos\visual studio 2017\projects\pruebabiblioteca\debug\pruebabiblioteca.pdb
f:\documentos\visual studio 2017\projects\pruebabiblioteca\pruebabiblioteca\debug\pruebabiblioteca.tlog\cl.command.1.tlog
f:\documentos\visual studio 2017\projects\pruebabiblioteca\pruebabiblioteca\debug\pruebabiblioteca.tlog\cl.read.1.tlog
f:\documentos\visual studio 2017\projects\pruebabiblioteca\pruebabiblioteca\debug\pruebabiblioteca.tlog\cl.write.1.tlog
f:\documentos\visual studio 2017\projects\pruebabiblioteca\pruebabiblioteca\debug\pruebabiblioteca.tlog\link.command.1.tlog
f:\documentos\visual studio 2017\projects\pruebabiblioteca\pruebabiblioteca\debug\pruebabiblioteca.tlog\link.read.1.tlog
f:\documentos\visual studio 2017\projects\pruebabiblioteca\pruebabiblioteca\debug\pruebabiblioteca.tlog\link.write.1.tlog
