c:\users\ariel\onedrive\documentos\documentos una\2 ciclo\programacion 1\tareas y proyectos con calificacion\proyecto 1\proyecto n1\proyecto n1\debug\vc140.pdb
c:\users\ariel\onedrive\documentos\documentos una\2 ciclo\programacion 1\tareas y proyectos con calificacion\proyecto 1\proyecto n1\proyecto n1\debug\vc140.idb
c:\users\ariel\onedrive\documentos\documentos una\2 ciclo\programacion 1\tareas y proyectos con calificacion\proyecto 1\proyecto n1\proyecto n1\debug\asiento.obj
c:\users\ariel\onedrive\documentos\documentos una\2 ciclo\programacion 1\tareas y proyectos con calificacion\proyecto 1\proyecto n1\proyecto n1\debug\bus.obj
c:\users\ariel\onedrive\documentos\documentos una\2 ciclo\programacion 1\tareas y proyectos con calificacion\proyecto 1\proyecto n1\proyecto n1\debug\carrera.obj
c:\users\ariel\onedrive\documentos\documentos una\2 ciclo\programacion 1\tareas y proyectos con calificacion\proyecto 1\proyecto n1\proyecto n1\debug\contenedortiquetes.obj
c:\users\ariel\onedrive\documentos\documentos una\2 ciclo\programacion 1\tareas y proyectos con calificacion\proyecto 1\proyecto n1\proyecto n1\debug\control.obj
c:\users\ariel\onedrive\documentos\documentos una\2 ciclo\programacion 1\tareas y proyectos con calificacion\proyecto 1\proyecto n1\proyecto n1\debug\empresa.obj
c:\users\ariel\onedrive\documentos\documentos una\2 ciclo\programacion 1\tareas y proyectos con calificacion\proyecto 1\proyecto n1\proyecto n1\debug\interfaz.obj
c:\users\ariel\onedrive\documentos\documentos una\2 ciclo\programacion 1\tareas y proyectos con calificacion\proyecto 1\proyecto n1\proyecto n1\debug\main.obj
c:\users\ariel\onedrive\documentos\documentos una\2 ciclo\programacion 1\tareas y proyectos con calificacion\proyecto 1\proyecto n1\proyecto n1\debug\tiquete.obj
c:\users\ariel\onedrive\documentos\documentos una\2 ciclo\programacion 1\tareas y proyectos con calificacion\proyecto 1\proyecto n1\proyecto n1\debug\contenedortiquetes.obj.enc
c:\users\ariel\onedrive\documentos\documentos una\2 ciclo\programacion 1\tareas y proyectos con calificacion\proyecto 1\proyecto n1\debug\proyecto n1.pdb
c:\users\ariel\onedrive\documentos\documentos una\2 ciclo\programacion 1\tareas y proyectos con calificacion\proyecto 1\proyecto n1\proyecto n1\debug\proyecto n1.tlog\cl.command.1.tlog
c:\users\ariel\onedrive\documentos\documentos una\2 ciclo\programacion 1\tareas y proyectos con calificacion\proyecto 1\proyecto n1\proyecto n1\debug\proyecto n1.tlog\cl.read.1.tlog
c:\users\ariel\onedrive\documentos\documentos una\2 ciclo\programacion 1\tareas y proyectos con calificacion\proyecto 1\proyecto n1\proyecto n1\debug\proyecto n1.tlog\cl.write.1.tlog
c:\users\ariel\onedrive\documentos\documentos una\2 ciclo\programacion 1\tareas y proyectos con calificacion\proyecto 1\proyecto n1\proyecto n1\debug\proyecto n1.tlog\link.15092-cvtres.read.1.tlog
c:\users\ariel\onedrive\documentos\documentos una\2 ciclo\programacion 1\tareas y proyectos con calificacion\proyecto 1\proyecto n1\proyecto n1\debug\proyecto n1.tlog\link.15092-cvtres.write.1.tlog
c:\users\ariel\onedrive\documentos\documentos una\2 ciclo\programacion 1\tareas y proyectos con calificacion\proyecto 1\proyecto n1\proyecto n1\debug\proyecto n1.tlog\link.15092-rc.read.1.tlog
c:\users\ariel\onedrive\documentos\documentos una\2 ciclo\programacion 1\tareas y proyectos con calificacion\proyecto 1\proyecto n1\proyecto n1\debug\proyecto n1.tlog\link.15092-rc.write.1.tlog
c:\users\ariel\onedrive\documentos\documentos una\2 ciclo\programacion 1\tareas y proyectos con calificacion\proyecto 1\proyecto n1\proyecto n1\debug\proyecto n1.tlog\link.15092.read.1.tlog
c:\users\ariel\onedrive\documentos\documentos una\2 ciclo\programacion 1\tareas y proyectos con calificacion\proyecto 1\proyecto n1\proyecto n1\debug\proyecto n1.tlog\link.15092.write.1.tlog
c:\users\ariel\onedrive\documentos\documentos una\2 ciclo\programacion 1\tareas y proyectos con calificacion\proyecto 1\proyecto n1\proyecto n1\debug\proyecto n1.tlog\link.command.1.tlog
c:\users\ariel\onedrive\documentos\documentos una\2 ciclo\programacion 1\tareas y proyectos con calificacion\proyecto 1\proyecto n1\proyecto n1\debug\proyecto n1.tlog\link.read.1.tlog
c:\users\ariel\onedrive\documentos\documentos una\2 ciclo\programacion 1\tareas y proyectos con calificacion\proyecto 1\proyecto n1\proyecto n1\debug\proyecto n1.tlog\link.write.1.tlog
