f:\escritorio\version2boceto\bocetoproyecto1\x64\debug\vc141.pdb
f:\escritorio\version2boceto\bocetoproyecto1\x64\debug\vc141.idb
f:\escritorio\version2boceto\bocetoproyecto1\x64\debug\calendario.obj
f:\escritorio\version2boceto\bocetoproyecto1\x64\debug\cliente.obj
f:\escritorio\version2boceto\bocetoproyecto1\x64\debug\contrato.obj
f:\escritorio\version2boceto\bocetoproyecto1\x64\debug\control.obj
f:\escritorio\version2boceto\bocetoproyecto1\x64\debug\empresa.obj
f:\escritorio\version2boceto\bocetoproyecto1\x64\debug\interfaz.obj
f:\escritorio\version2boceto\bocetoproyecto1\x64\debug\main.obj
f:\escritorio\version2boceto\bocetoproyecto1\x64\debug\motoharley.obj
f:\escritorio\version2boceto\bocetoproyecto1\x64\debug\motohonda.obj
f:\escritorio\version2boceto\bocetoproyecto1\x64\debug\motoyamaha.obj
f:\escritorio\version2boceto\bocetoproyecto1\x64\debug\pago.obj
f:\escritorio\version2boceto\bocetoproyecto1\x64\debug\utiles.obj
f:\escritorio\version2boceto\x64\debug\bocetoproyecto1.ilk
f:\escritorio\version2boceto\x64\debug\bocetoproyecto1.exe
f:\escritorio\version2boceto\x64\debug\bocetoproyecto1.pdb
f:\escritorio\version2boceto\bocetoproyecto1\x64\debug\contrato.obj.enc
f:\escritorio\version2boceto\bocetoproyecto1\x64\debug\empresa.obj.enc
f:\escritorio\version2boceto\bocetoproyecto1\x64\debug\bocetoproyecto1.tlog\cl.command.1.tlog
f:\escritorio\version2boceto\bocetoproyecto1\x64\debug\bocetoproyecto1.tlog\cl.read.1.tlog
f:\escritorio\version2boceto\bocetoproyecto1\x64\debug\bocetoproyecto1.tlog\cl.write.1.tlog
f:\escritorio\version2boceto\bocetoproyecto1\x64\debug\bocetoproyecto1.tlog\link.command.1.tlog
f:\escritorio\version2boceto\bocetoproyecto1\x64\debug\bocetoproyecto1.tlog\link.read.1.tlog
f:\escritorio\version2boceto\bocetoproyecto1\x64\debug\bocetoproyecto1.tlog\link.write.1.tlog
