c:\users\ariel\desktop\proyecto 2.5\proyecto 2\proyecto 2\debug\vc140.pdb
c:\users\ariel\desktop\proyecto 2.5\proyecto 2\proyecto 2\debug\vc140.idb
c:\users\ariel\desktop\proyecto 2.5\proyecto 2\proyecto 2\debug\control.obj
c:\users\ariel\desktop\proyecto 2.5\proyecto 2\proyecto 2\debug\curso.obj
c:\users\ariel\desktop\proyecto 2.5\proyecto 2\proyecto 2\debug\estudiante.obj
c:\users\ariel\desktop\proyecto 2.5\proyecto 2\proyecto 2\debug\grupo.obj
c:\users\ariel\desktop\proyecto 2.5\proyecto 2\proyecto 2\debug\instituto.obj
c:\users\ariel\desktop\proyecto 2.5\proyecto 2\proyecto 2\debug\interfaz.obj
c:\users\ariel\desktop\proyecto 2.5\proyecto 2\proyecto 2\debug\listac.obj
c:\users\ariel\desktop\proyecto 2.5\proyecto 2\proyecto 2\debug\listag.obj
c:\users\ariel\desktop\proyecto 2.5\proyecto 2\proyecto 2\debug\listap.obj
c:\users\ariel\desktop\proyecto 2.5\proyecto 2\proyecto 2\debug\main.obj
c:\users\ariel\desktop\proyecto 2.5\proyecto 2\proyecto 2\debug\nodoc.obj
c:\users\ariel\desktop\proyecto 2.5\proyecto 2\proyecto 2\debug\nodog.obj
c:\users\ariel\desktop\proyecto 2.5\proyecto 2\proyecto 2\debug\nodop.obj
c:\users\ariel\desktop\proyecto 2.5\proyecto 2\proyecto 2\debug\persona.obj
c:\users\ariel\desktop\proyecto 2.5\proyecto 2\proyecto 2\debug\profesor.obj
c:\users\ariel\desktop\proyecto 2.5\proyecto 2\debug\proyecto 2.ilk
c:\users\ariel\desktop\proyecto 2.5\proyecto 2\debug\proyecto 2.exe
c:\users\ariel\desktop\proyecto 2.5\proyecto 2\debug\proyecto 2.pdb
c:\users\ariel\desktop\proyecto 2.5\proyecto 2\proyecto 2\debug\main.obj.enc
c:\users\ariel\desktop\proyecto 2.5\proyecto 2\proyecto 2\debug\proyecto 2.tlog\cl.command.1.tlog
c:\users\ariel\desktop\proyecto 2.5\proyecto 2\proyecto 2\debug\proyecto 2.tlog\cl.read.1.tlog
c:\users\ariel\desktop\proyecto 2.5\proyecto 2\proyecto 2\debug\proyecto 2.tlog\cl.write.1.tlog
c:\users\ariel\desktop\proyecto 2.5\proyecto 2\proyecto 2\debug\proyecto 2.tlog\link.command.1.tlog
c:\users\ariel\desktop\proyecto 2.5\proyecto 2\proyecto 2\debug\proyecto 2.tlog\link.read.1.tlog
c:\users\ariel\desktop\proyecto 2.5\proyecto 2\proyecto 2\debug\proyecto 2.tlog\link.write.1.tlog
